
> movies@0.1.0 start
> react-scripts start

Starting the development server...

Compiled successfully!

You can now view movies in the browser.

  Local:            http://localhost:3000
  On Your Network:  http://192.168.56.1:3000

Note that the development build is not optimized.
To create a production build, use npm run build.

webpack compiled [1m[32msuccessfully[39m[22m
Compiling...
Compiled successfully!
webpack compiled [1m[32msuccessfully[39m[22m
Compiling...
Compiled successfully!
webpack compiled [1m[32msuccessfully[39m[22m
Compiling...
Compiled successfully!
webpack compiled [1m[32msuccessfully[39m[22m
Compiling...
Failed to compile.

Module not found: Error: Can't resolve './pages/admin/Brands' in 'c:\Users\khaoula ait mbark\Desktop\sc\Ecommerce_Peinture\src'
[1m[31mERROR[39m[22m in [1m./src/App.jsx[39m[22m [1m[32m35:0-42[39m[22m
[1mModule [1m[31mnot found[39m[22m[1m: [1m[31mError[39m[22m[1m: Can't resolve './pages/admin/Brands' in 'c:\Users\khaoula ait mbark\Desktop\sc\Ecommerce_Peinture\src'[39m[22m

webpack compiled with [1m[31m1 error[39m[22m
Compiling...
Compiled successfully!
webpack compiled [1m[32msuccessfully[39m[22m
