
> movies@0.1.0 start
> react-scripts start

Starting the development server...

Compiled successfully!

You can now view movies in the browser.

  Local:            http://localhost:3000
  On Your Network:  http://192.168.56.1:3000

Note that the development build is not optimized.
To create a production build, use npm run build.

webpack compiled [1m[32msuccessfully[39m[22m
Compiling...
Compiled successfully!
webpack compiled [1m[32msuccessfully[39m[22m
Compiling...
Failed to compile.

Attempted import error: 'NotFoundException' is not exported from '@zxing/browser' (imported as 'NotFoundException').
[1m[33mWARNING[39m[22m in [1m./node_modules/@zxing/browser/esm/common/HTMLCanvasElementLuminanceSource.js[39m[22m
[1mModule Warning (from ./node_modules/source-map-loader/dist/cjs.js):
[1m[31mFailed[39m[22m[1m to parse source map from 'c:\Users\khaoula ait mbark\Desktop\sc\Ecommerce_Peinture\node_modules\@zxing\src\common\HTMLCanvasElementLuminanceSource.ts' file: [1m[31mError[39m[22m[1m: ENOENT: no such file or directory, open 'c:\Users\khaoula ait mbark\Desktop\sc\Ecommerce_Peinture\node_modules\@zxing\src\common\HTMLCanvasElementLuminanceSource.ts'[39m[22m

[1m[33mWARNING[39m[22m in [1m./node_modules/@zxing/browser/esm/common/HTMLVisualMediaElement.js[39m[22m
[1mModule Warning (from ./node_modules/source-map-loader/dist/cjs.js):
[1m[31mFailed[39m[22m[1m to parse source map from 'c:\Users\khaoula ait mbark\Desktop\sc\Ecommerce_Peinture\node_modules\@zxing\src\common\HTMLVisualMediaElement.ts' file: [1m[31mError[39m[22m[1m: ENOENT: no such file or directory, open 'c:\Users\khaoula ait mbark\Desktop\sc\Ecommerce_Peinture\node_modules\@zxing\src\common\HTMLVisualMediaElement.ts'[39m[22m

[1m[33mWARNING[39m[22m in [1m./node_modules/@zxing/browser/esm/common/IScannerControls.js[39m[22m
[1mModule Warning (from ./node_modules/source-map-loader/dist/cjs.js):
[1m[31mFailed[39m[22m[1m to parse source map from 'c:\Users\khaoula ait mbark\Desktop\sc\Ecommerce_Peinture\node_modules\@zxing\src\common\IScannerControls.ts' file: [1m[31mError[39m[22m[1m: ENOENT: no such file or directory, open 'c:\Users\khaoula ait mbark\Desktop\sc\Ecommerce_Peinture\node_modules\@zxing\src\common\IScannerControls.ts'[39m[22m

[1m[33mWARNING[39m[22m in [1m./node_modules/@zxing/browser/esm/common/navigator-utils.js[39m[22m
[1mModule Warning (from ./node_modules/source-map-loader/dist/cjs.js):
[1m[31mFailed[39m[22m[1m to parse source map from 'c:\Users\khaoula ait mbark\Desktop\sc\Ecommerce_Peinture\node_modules\@zxing\src\common\navigator-utils.ts' file: [1m[31mError[39m[22m[1m: ENOENT: no such file or directory, open 'c:\Users\khaoula ait mbark\Desktop\sc\Ecommerce_Peinture\node_modules\@zxing\src\common\navigator-utils.ts'[39m[22m

[1m[33mWARNING[39m[22m in [1m./node_modules/@zxing/browser/esm/index.js[39m[22m
[1mModule Warning (from ./node_modules/source-map-loader/dist/cjs.js):
[1m[31mFailed[39m[22m[1m to parse source map from 'c:\Users\khaoula ait mbark\Desktop\sc\Ecommerce_Peinture\node_modules\@zxing\src\index.ts' file: [1m[31mError[39m[22m[1m: ENOENT: no such file or directory, open 'c:\Users\khaoula ait mbark\Desktop\sc\Ecommerce_Peinture\node_modules\@zxing\src\index.ts'[39m[22m

[1m[33mWARNING[39m[22m in [1m./node_modules/@zxing/browser/esm/readers/BrowserAztecCodeReader.js[39m[22m
[1mModule Warning (from ./node_modules/source-map-loader/dist/cjs.js):
[1m[31mFailed[39m[22m[1m to parse source map from 'c:\Users\khaoula ait mbark\Desktop\sc\Ecommerce_Peinture\node_modules\@zxing\src\readers\BrowserAztecCodeReader.ts' file: [1m[31mError[39m[22m[1m: ENOENT: no such file or directory, open 'c:\Users\khaoula ait mbark\Desktop\sc\Ecommerce_Peinture\node_modules\@zxing\src\readers\BrowserAztecCodeReader.ts'[39m[22m

[1m[33mWARNING[39m[22m in [1m./node_modules/@zxing/browser/esm/readers/BrowserCodeReader.js[39m[22m
[1mModule Warning (from ./node_modules/source-map-loader/dist/cjs.js):
[1m[31mFailed[39m[22m[1m to parse source map from 'c:\Users\khaoula ait mbark\Desktop\sc\Ecommerce_Peinture\node_modules\@zxing\src\readers\BrowserCodeReader.ts' file: [1m[31mError[39m[22m[1m: ENOENT: no such file or directory, open 'c:\Users\khaoula ait mbark\Desktop\sc\Ecommerce_Peinture\node_modules\@zxing\src\readers\BrowserCodeReader.ts'[39m[22m

[1m[33mWARNING[39m[22m in [1m./node_modules/@zxing/browser/esm/readers/BrowserDatamatrixCodeReader.js[39m[22m
[1mModule Warning (from ./node_modules/source-map-loader/dist/cjs.js):
[1m[31mFailed[39m[22m[1m to parse source map from 'c:\Users\khaoula ait mbark\Desktop\sc\Ecommerce_Peinture\node_modules\@zxing\src\readers\BrowserDatamatrixCodeReader.ts' file: [1m[31mError[39m[22m[1m: ENOENT: no such file or directory, open 'c:\Users\khaoula ait mbark\Desktop\sc\Ecommerce_Peinture\node_modules\@zxing\src\readers\BrowserDatamatrixCodeReader.ts'[39m[22m

[1m[33mWARNING[39m[22m in [1m./node_modules/@zxing/browser/esm/readers/BrowserMultiFormatOneDReader.js[39m[22m
[1mModule Warning (from ./node_modules/source-map-loader/dist/cjs.js):
[1m[31mFailed[39m[22m[1m to parse source map from 'c:\Users\khaoula ait mbark\Desktop\sc\Ecommerce_Peinture\node_modules\@zxing\src\readers\BrowserMultiFormatOneDReader.ts' file: [1m[31mError[39m[22m[1m: ENOENT: no such file or directory, open 'c:\Users\khaoula ait mbark\Desktop\sc\Ecommerce_Peinture\node_modules\@zxing\src\readers\BrowserMultiFormatOneDReader.ts'[39m[22m

[1m[33mWARNING[39m[22m in [1m./node_modules/@zxing/browser/esm/readers/BrowserMultiFormatReader.js[39m[22m
[1mModule Warning (from ./node_modules/source-map-loader/dist/cjs.js):
[1m[31mFailed[39m[22m[1m to parse source map from 'c:\Users\khaoula ait mbark\Desktop\sc\Ecommerce_Peinture\node_modules\@zxing\src\readers\BrowserMultiFormatReader.ts' file: [1m[31mError[39m[22m[1m: ENOENT: no such file or directory, open 'c:\Users\khaoula ait mbark\Desktop\sc\Ecommerce_Peinture\node_modules\@zxing\src\readers\BrowserMultiFormatReader.ts'[39m[22m

[1m[33mWARNING[39m[22m in [1m./node_modules/@zxing/browser/esm/readers/BrowserPDF417Reader.js[39m[22m
[1mModule Warning (from ./node_modules/source-map-loader/dist/cjs.js):
[1m[31mFailed[39m[22m[1m to parse source map from 'c:\Users\khaoula ait mbark\Desktop\sc\Ecommerce_Peinture\node_modules\@zxing\src\readers\BrowserPDF417Reader.ts' file: [1m[31mError[39m[22m[1m: ENOENT: no such file or directory, open 'c:\Users\khaoula ait mbark\Desktop\sc\Ecommerce_Peinture\node_modules\@zxing\src\readers\BrowserPDF417Reader.ts'[39m[22m

[1m[33mWARNING[39m[22m in [1m./node_modules/@zxing/browser/esm/readers/BrowserQRCodeReader.js[39m[22m
[1mModule Warning (from ./node_modules/source-map-loader/dist/cjs.js):
[1m[31mFailed[39m[22m[1m to parse source map from 'c:\Users\khaoula ait mbark\Desktop\sc\Ecommerce_Peinture\node_modules\@zxing\src\readers\BrowserQRCodeReader.ts' file: [1m[31mError[39m[22m[1m: ENOENT: no such file or directory, open 'c:\Users\khaoula ait mbark\Desktop\sc\Ecommerce_Peinture\node_modules\@zxing\src\readers\BrowserQRCodeReader.ts'[39m[22m

[1m[33mWARNING[39m[22m in [1m./node_modules/@zxing/browser/esm/readers/IBrowserCodeReaderOptions.js[39m[22m
[1mModule Warning (from ./node_modules/source-map-loader/dist/cjs.js):
[1m[31mFailed[39m[22m[1m to parse source map from 'c:\Users\khaoula ait mbark\Desktop\sc\Ecommerce_Peinture\node_modules\@zxing\src\readers\IBrowserCodeReaderOptions.ts' file: [1m[31mError[39m[22m[1m: ENOENT: no such file or directory, open 'c:\Users\khaoula ait mbark\Desktop\sc\Ecommerce_Peinture\node_modules\@zxing\src\readers\IBrowserCodeReaderOptions.ts'[39m[22m

[1m[33mWARNING[39m[22m in [1m./node_modules/@zxing/browser/esm/writers/BrowserCodeSvgWriter.js[39m[22m
[1mModule Warning (from ./node_modules/source-map-loader/dist/cjs.js):
[1m[31mFailed[39m[22m[1m to parse source map from 'c:\Users\khaoula ait mbark\Desktop\sc\Ecommerce_Peinture\node_modules\@zxing\src\writers\BrowserCodeSvgWriter.ts' file: [1m[31mError[39m[22m[1m: ENOENT: no such file or directory, open 'c:\Users\khaoula ait mbark\Desktop\sc\Ecommerce_Peinture\node_modules\@zxing\src\writers\BrowserCodeSvgWriter.ts'[39m[22m

[1m[33mWARNING[39m[22m in [1m./node_modules/@zxing/browser/esm/writers/BrowserQRCodeSvgWriter.js[39m[22m
[1mModule Warning (from ./node_modules/source-map-loader/dist/cjs.js):
[1m[31mFailed[39m[22m[1m to parse source map from 'c:\Users\khaoula ait mbark\Desktop\sc\Ecommerce_Peinture\node_modules\@zxing\src\writers\BrowserQRCodeSvgWriter.ts' file: [1m[31mError[39m[22m[1m: ENOENT: no such file or directory, open 'c:\Users\khaoula ait mbark\Desktop\sc\Ecommerce_Peinture\node_modules\@zxing\src\writers\BrowserQRCodeSvgWriter.ts'[39m[22m

[1m[31mERROR[39m[22m in [1m./src/pages/admin/Products.jsx[39m[22m [1m[32m551:38-55[39m[22m
[1mexport 'NotFoundException' (imported as 'NotFoundException') was [1m[31mnot found[39m[22m[1m in '@zxing/browser' (possible exports: [1m[32mBarcodeFormat, BrowserAztecCodeReader, BrowserCodeReader, BrowserCodeSvgWriter, BrowserDatamatrixCodeReader, BrowserMultiFormatOneDReader, BrowserMultiFormatReader, BrowserPDF417Reader, BrowserQRCodeReader, BrowserQRCodeSvgWriter, HTMLCanvasElementLuminanceSource[39m[22m[1m)[39m[22m

webpack compiled with [1m[31m1 error[39m[22m and [1m[33m15 warnings[39m[22m
